<?xml version="1.0" encoding="UTF-8"?>
<!-- Generated by org.testng.reporters.JUnitReportReporter -->
<testsuite hostname="lin81002596" failures="0" tests="1" name="Testcases.Scenario1_Test" time="33.793" errors="0" timestamp="2024-02-29T23:35:08 IST" skipped="0">
  <testcase classname="Testcases.Scenario1_Test" name="Nike_method" time="33.793"/>
  <system-out/>
</testsuite> <!-- Testcases.Scenario1_Test -->
